<?xml version="1.0" encoding="UTF-8"?>
<!-- Generated by org.testng.reporters.JUnitReportReporter -->
<testsuite hostname="114812-T470P" name="com.testRunner.TestRunner" tests="2" failures="0" timestamp="1 Aug 2020 11:56:00 GMT" time="38.298" errors="0">
  <testcase name="feature" time="23.160" classname="com.testRunner.TestRunner"/>
  <testcase name="feature" time="15.138" classname="com.testRunner.TestRunner"/>
</testsuite> <!-- com.testRunner.TestRunner -->
